[0.166s] Invoking command in '/home/user/ws/src/chibi24_b/build/b_obstacle_detector': CMAKE_PREFIX_PATH=${CMAKE_PREFIX_PATH}:/home/user/ws/install/turtlesim_controller_py:/opt/ros/humble /usr/bin/cmake --build /home/user/ws/src/chibi24_b/build/b_obstacle_detector -- -j8 -l8
[0.361s] [35m[1mConsolidate compiler generated dependencies of target b_obstacle_detector_node[0m
[0.501s] [ 33%] [32mBuilding CXX object CMakeFiles/b_obstacle_detector_node.dir/src/b_obstacle_detector.cpp.o[0m
[9.405s] [01m[K/home/user/ws/src/chibi24_b/b_obstacle_detector/src/b_obstacle_detector.cpp:[m[K In constructor â€˜[01m[KObstacleDetector::ObstacleDetector()[m[Kâ€™:
[9.406s] [01m[K/home/user/ws/src/chibi24_b/b_obstacle_detector/src/b_obstacle_detector.cpp:11:54:[m[K [01;31m[Kerror: [m[Kuse of â€˜[01m[Kthis[m[Kâ€™ in a constant expression
[9.407s]    11 |   ignore_angle_range_list_ = this->declare_parameter<[01;31m[Kignore_angle_range_list_[m[K>("ignore_angle_range_list",{(3.0*M_PI/16.0), (5.0*M_PI/16.0), (11.0*M_PI/16.0)});
[9.407s]       |                                                      [01;31m[K^~~~~~~~~~~~~~~~~~~~~~~~[m[K
[9.408s] [01m[K/home/user/ws/src/chibi24_b/b_obstacle_detector/src/b_obstacle_detector.cpp:11:79:[m[K [01;31m[Kerror: [m[Kno matching function for call to â€˜[01m[KObstacleDetector::declare_parameter<((ObstacleDetector*)this)->ObstacleDetector::ignore_angle_range_list_>(const char [24], <brace-enclosed initializer list>)[m[Kâ€™
[9.409s]    11 |   ignore_angle_range_list_ = [01;31m[Kthis->declare_parameter<ignore_angle_range_list_>("ignore_angle_range_list",{(3.0*M_PI/16.0), (5.0*M_PI/16.0), (11.0*M_PI/16.0)})[m[K;
[9.409s]       |                              [01;31m[K~~~~~~~~~~~~~~~~~~~~~~~~~~~~~~~~~~~~~~~~~~~~~~~~~^~~~~~~~~~~~~~~~~~~~~~~~~~~~~~~~~~~~~~~~~~~~~~~~~~~~~~~~~~~~~~~~~~~~~~~~~~~~~~~~[m[K
[9.410s] In file included from [01m[K/opt/ros/humble/include/rclcpp/rclcpp/node.hpp:1321[m[K,
[9.410s]                  from [01m[K/opt/ros/humble/include/rclcpp/rclcpp/executors/single_threaded_executor.hpp:28[m[K,
[9.411s]                  from [01m[K/opt/ros/humble/include/rclcpp/rclcpp/executors.hpp:22[m[K,
[9.411s]                  from [01m[K/opt/ros/humble/include/rclcpp/rclcpp/rclcpp.hpp:155[m[K,
[9.411s]                  from [01m[K/home/user/ws/src/chibi24_b/b_obstacle_detector/include/b_obstacle_detector/b_obstacle_detector.hpp:5[m[K,
[9.412s]                  from [01m[K/home/user/ws/src/chibi24_b/b_obstacle_detector/src/b_obstacle_detector.cpp:1[m[K:
[9.412s] [01m[K/opt/ros/humble/include/rclcpp/rclcpp/node_impl.hpp:195:1:[m[K [01;36m[Knote: [m[Kcandidate: â€˜[01m[Ktemplate<class ParameterT> auto rclcpp::Node::declare_parameter(const string&, const ParameterT&, const ParameterDescriptor&, bool)[m[Kâ€™
[9.413s]   195 | [01;36m[KNode[m[K::declare_parameter(
[9.413s]       | [01;36m[K^~~~[m[K
[9.413s] [01m[K/opt/ros/humble/include/rclcpp/rclcpp/node_impl.hpp:195:1:[m[K [01;36m[Knote: [m[K  template argument deduction/substitution failed:
[9.414s] [01m[K/home/user/ws/src/chibi24_b/b_obstacle_detector/src/b_obstacle_detector.cpp:11:79:[m[K [01;31m[Kerror: [m[Ktype/value mismatch at argument 1 in template parameter list for â€˜[01m[Ktemplate<class ParameterT> auto rclcpp::Node::declare_parameter(const string&, const ParameterT&, const ParameterDescriptor&, bool)[m[Kâ€™
[9.414s]    11 |   ignore_angle_range_list_ = [01;31m[Kthis->declare_parameter<ignore_angle_range_list_>("ignore_angle_range_list",{(3.0*M_PI/16.0), (5.0*M_PI/16.0), (11.0*M_PI/16.0)})[m[K;
[9.415s]       |                              [01;31m[K~~~~~~~~~~~~~~~~~~~~~~~~~~~~~~~~~~~~~~~~~~~~~~~~~^~~~~~~~~~~~~~~~~~~~~~~~~~~~~~~~~~~~~~~~~~~~~~~~~~~~~~~~~~~~~~~~~~~~~~~~~~~~~~~~[m[K
[9.415s] [01m[K/home/user/ws/src/chibi24_b/b_obstacle_detector/src/b_obstacle_detector.cpp:11:79:[m[K [01;36m[Knote: [m[K  expected a type, got â€˜[01m[K((ObstacleDetector*)this)->ObstacleDetector::ignore_angle_range_list_[m[Kâ€™
[9.415s] In file included from [01m[K/opt/ros/humble/include/rclcpp/rclcpp/executors/single_threaded_executor.hpp:28[m[K,
[9.416s]                  from [01m[K/opt/ros/humble/include/rclcpp/rclcpp/executors.hpp:22[m[K,
[9.423s]                  from [01m[K/opt/ros/humble/include/rclcpp/rclcpp/rclcpp.hpp:155[m[K,
[9.425s]                  from [01m[K/home/user/ws/src/chibi24_b/b_obstacle_detector/include/b_obstacle_detector/b_obstacle_detector.hpp:5[m[K,
[9.425s]                  from [01m[K/home/user/ws/src/chibi24_b/b_obstacle_detector/src/b_obstacle_detector.cpp:1[m[K:
[9.426s] [01m[K/opt/ros/humble/include/rclcpp/rclcpp/node.hpp:434:3:[m[K [01;36m[Knote: [m[Kcandidate: â€˜[01m[Ktemplate<class ParameterT> auto rclcpp::Node::declare_parameter(const string&, const ParameterDescriptor&, bool)[m[Kâ€™
[9.426s]   434 |   [01;36m[Kdeclare_parameter[m[K(
[9.426s]       |   [01;36m[K^~~~~~~~~~~~~~~~~[m[K
[9.427s] [01m[K/opt/ros/humble/include/rclcpp/rclcpp/node.hpp:434:3:[m[K [01;36m[Knote: [m[K  template argument deduction/substitution failed:
[9.427s] [01m[K/home/user/ws/src/chibi24_b/b_obstacle_detector/src/b_obstacle_detector.cpp:11:79:[m[K [01;31m[Kerror: [m[Ktype/value mismatch at argument 1 in template parameter list for â€˜[01m[Ktemplate<class ParameterT> auto rclcpp::Node::declare_parameter(const string&, const ParameterDescriptor&, bool)[m[Kâ€™
[9.427s]    11 |   ignore_angle_range_list_ = [01;31m[Kthis->declare_parameter<ignore_angle_range_list_>("ignore_angle_range_list",{(3.0*M_PI/16.0), (5.0*M_PI/16.0), (11.0*M_PI/16.0)})[m[K;
[9.428s]       |                              [01;31m[K~~~~~~~~~~~~~~~~~~~~~~~~~~~~~~~~~~~~~~~~~~~~~~~~~^~~~~~~~~~~~~~~~~~~~~~~~~~~~~~~~~~~~~~~~~~~~~~~~~~~~~~~~~~~~~~~~~~~~~~~~~~~~~~~~[m[K
[9.428s] [01m[K/home/user/ws/src/chibi24_b/b_obstacle_detector/src/b_obstacle_detector.cpp:11:79:[m[K [01;36m[Knote: [m[K  expected a type, got â€˜[01m[K((ObstacleDetector*)this)->ObstacleDetector::ignore_angle_range_list_[m[Kâ€™
[18.882s] gmake[2]: *** [CMakeFiles/b_obstacle_detector_node.dir/build.make:76: CMakeFiles/b_obstacle_detector_node.dir/src/b_obstacle_detector.cpp.o] Error 1
[18.882s] gmake[1]: *** [CMakeFiles/Makefile2:137: CMakeFiles/b_obstacle_detector_node.dir/all] Error 2
[18.883s] gmake: *** [Makefile:146: all] Error 2
[18.888s] Invoked command in '/home/user/ws/src/chibi24_b/build/b_obstacle_detector' returned '2': CMAKE_PREFIX_PATH=${CMAKE_PREFIX_PATH}:/home/user/ws/install/turtlesim_controller_py:/opt/ros/humble /usr/bin/cmake --build /home/user/ws/src/chibi24_b/build/b_obstacle_detector -- -j8 -l8
