[0.121s] Invoking command in '/home/user/ws/src/chibi24_b/build/b_obstacle_detector': CMAKE_PREFIX_PATH=${CMAKE_PREFIX_PATH}:/home/user/ws/install/turtlesim_controller_py:/opt/ros/humble /usr/bin/cmake --build /home/user/ws/src/chibi24_b/build/b_obstacle_detector -- -j8 -l8
[0.412s] [35m[1mConsolidate compiler generated dependencies of target b_obstacle_detector_node[0m
[0.481s] [ 33%] [32mBuilding CXX object CMakeFiles/b_obstacle_detector_node.dir/src/b_obstacle_detector.cpp.o[0m
[10.376s] [01m[K/home/user/ws/src/chibi24_b/b_obstacle_detector/src/b_obstacle_detector.cpp:[m[K In constructor â€˜[01m[KObstacleDetector::ObstacleDetector()[m[Kâ€™:
[10.376s] [01m[K/home/user/ws/src/chibi24_b/b_obstacle_detector/src/b_obstacle_detector.cpp:11:110:[m[K [01;31m[Kerror: [m[Kâ€˜[01m[Kpi[m[Kâ€™ was not declared in this scope
[10.377s]    11 | are_parameter<std::vector<double>>("ignore_angle_range_list",[rad(3.0*[01;31m[Kpi[m[K/16.0), rad(5.0*pi/16.0), rad(11.0*pi/16.0)]);
[10.377s]       |                                                                       [01;31m[K^~[m[K
[10.377s] 
[10.378s] [01m[K/home/user/ws/src/chibi24_b/b_obstacle_detector/src/b_obstacle_detector.cpp:11:135:[m[K [01;35m[Kwarning: [m[Kalready captured â€˜[01m[Krad[m[Kâ€™ in lambda expression
[10.378s]    11 | <double>>("ignore_angle_range_list",[rad(3.0*pi/16.0), rad(5.0*pi/16.0[01;35m[K)[m[K, rad(11.0*pi/16.0)]);
[10.378s]       |                                                                       [01;35m[K^[m[K
[10.378s] 
[10.379s] [01m[K/home/user/ws/src/chibi24_b/b_obstacle_detector/src/b_obstacle_detector.cpp:11:154:[m[K [01;35m[Kwarning: [m[Kalready captured â€˜[01m[Krad[m[Kâ€™ in lambda expression
[10.379s]    11 | gnore_angle_range_list",[rad(3.0*pi/16.0), rad(5.0*pi/16.0), rad(11.0*pi/16.0[01;35m[K)[m[K]);
[10.380s]       |                                                                              [01;35m[K^[m[K
[10.380s] 
[10.380s] [01m[K/home/user/ws/src/chibi24_b/b_obstacle_detector/src/b_obstacle_detector.cpp:[m[K In lambda function:
[10.381s] [01m[K/home/user/ws/src/chibi24_b/b_obstacle_detector/src/b_obstacle_detector.cpp:11:156:[m[K [01;31m[Kerror: [m[Kexpected â€˜[01m[K{[m[Kâ€™ before â€˜[01m[K)[m[Kâ€™ token
[10.381s]    11 | gnore_angle_range_list",[rad(3.0*pi/16.0), rad(5.0*pi/16.0), rad(11.0*pi/16.0)][01;31m[K)[m[K;
[10.382s]       |                                                                                [01;31m[K^[m[K
[10.382s] 
[10.382s] [01m[K/home/user/ws/src/chibi24_b/b_obstacle_detector/src/b_obstacle_detector.cpp:[m[K In constructor â€˜[01m[KObstacleDetector::ObstacleDetector()[m[Kâ€™:
[10.382s] [01m[K/home/user/ws/src/chibi24_b/b_obstacle_detector/src/b_obstacle_detector.cpp:11:74:[m[K [01;31m[Kerror: [m[Kno matching function for call to â€˜[01m[KObstacleDetector::declare_parameter<std::vector<double, std::allocator<double> > >(const char [24], ObstacleDetector::ObstacleDetector()::<lambda()>)[m[Kâ€™
[10.382s]    11 | gnore_angle_range_list_ = [01;31m[Kthis->declare_parameter<std::vector<double>>("ignore_angle_range_list",[rad(3.0*pi/16.0), rad(5.0*pi/16.0), rad(11.0*pi/16.0)])[m[K;
[10.383s]       |                           [01;31m[K~~~~~~~~~~~~~~~~~~~~~~~~~~~~~~~~~~~~~~~~~~~~^~~~~~~~~~~~~~~~~~~~~~~~~~~~~~~~~~~~~~~~~~~~~~~~~~~~~~~~~~~~~~~~~~~~~~~~~~~~~~~~~~~[m[K
[10.383s] 
[10.383s] In file included from [01m[K/opt/ros/humble/include/rclcpp/rclcpp/node.hpp:1321[m[K,
[10.383s]                  from [01m[K/opt/ros/humble/include/rclcpp/rclcpp/executors/single_threaded_executor.hpp:28[m[K,
[10.383s]                  from [01m[K/opt/ros/humble/include/rclcpp/rclcpp/executors.hpp:22[m[K,
[10.383s]                  from [01m[K/opt/ros/humble/include/rclcpp/rclcpp/rclcpp.hpp:155[m[K,
[10.384s]                  from [01m[K/home/user/ws/src/chibi24_b/b_obstacle_detector/include/b_obstacle_detector/b_obstacle_detector.hpp:5[m[K,
[10.384s]                  from [01m[K/home/user/ws/src/chibi24_b/b_obstacle_detector/src/b_obstacle_detector.cpp:1[m[K:
[10.384s] [01m[K/opt/ros/humble/include/rclcpp/rclcpp/node_impl.hpp:195:1:[m[K [01;36m[Knote: [m[Kcandidate: â€˜[01m[Kauto rclcpp::Node::declare_parameter(const string&, const ParameterT&, const ParameterDescriptor&, bool) [with ParameterT = std::vector<double, std::allocator<double> >; std::string = std::__cxx11::basic_string<char>; rcl_interfaces::msg::ParameterDescriptor = rcl_interfaces::msg::ParameterDescriptor_<std::allocator<void> >][m[Kâ€™
[10.384s]   195 | [01;36m[KNode[m[K::declare_parameter(
[10.385s]       | [01;36m[K^~~~[m[K
[10.385s] [01m[K/opt/ros/humble/include/rclcpp/rclcpp/node_impl.hpp:197:22:[m[K [01;36m[Knote: [m[K  no known conversion for argument 2 from â€˜[01m[KObstacleDetector::ObstacleDetector()::<lambda()>[m[Kâ€™ to â€˜[01m[Kconst std::vector<double, std::allocator<double> >&[m[Kâ€™
[10.385s]   197 |   [01;36m[Kconst ParameterT & default_value[m[K,
[10.385s]       |   [01;36m[K~~~~~~~~~~~~~~~~~~~^~~~~~~~~~~~~[m[K
[10.385s] [01m[K/opt/ros/humble/include/rclcpp/rclcpp/node_impl.hpp:215:1:[m[K [01;36m[Knote: [m[Kcandidate: â€˜[01m[Kauto rclcpp::Node::declare_parameter(const string&, const ParameterDescriptor&, bool) [with ParameterT = std::vector<double, std::allocator<double> >; std::string = std::__cxx11::basic_string<char>; rcl_interfaces::msg::ParameterDescriptor = rcl_interfaces::msg::ParameterDescriptor_<std::allocator<void> >][m[Kâ€™
[10.386s]   215 | [01;36m[KNode[m[K::declare_parameter(
[10.386s]       | [01;36m[K^~~~[m[K
[10.387s] [01m[K/opt/ros/humble/include/rclcpp/rclcpp/node_impl.hpp:217:52:[m[K [01;36m[Knote: [m[K  no known conversion for argument 2 from â€˜[01m[KObstacleDetector::ObstacleDetector()::<lambda()>[m[Kâ€™ to â€˜[01m[Kconst ParameterDescriptor&[m[Kâ€™ {aka â€˜[01m[Kconst rcl_interfaces::msg::ParameterDescriptor_<std::allocator<void> >&[m[Kâ€™}
[10.387s]   217 |   [01;36m[Kconst rcl_interfaces::msg::ParameterDescriptor & parameter_descriptor[m[K,
[10.387s]       |   [01;36m[K~~~~~~~~~~~~~~~~~~~~~~~~~~~~~~~~~~~~~~~~~~~~~~~~~^~~~~~~~~~~~~~~~~~~~[m[K
[15.001s] gmake[2]: *** [CMakeFiles/b_obstacle_detector_node.dir/build.make:76: CMakeFiles/b_obstacle_detector_node.dir/src/b_obstacle_detector.cpp.o] Error 1
[15.002s] gmake[1]: *** [CMakeFiles/Makefile2:137: CMakeFiles/b_obstacle_detector_node.dir/all] Error 2
[15.003s] gmake: *** [Makefile:146: all] Error 2
[15.012s] Invoked command in '/home/user/ws/src/chibi24_b/build/b_obstacle_detector' returned '2': CMAKE_PREFIX_PATH=${CMAKE_PREFIX_PATH}:/home/user/ws/install/turtlesim_controller_py:/opt/ros/humble /usr/bin/cmake --build /home/user/ws/src/chibi24_b/build/b_obstacle_detector -- -j8 -l8
