[0.155s] Invoking command in '/home/user/ws/src/chibi24_b/build/b_obstacle_detector': CMAKE_PREFIX_PATH=${CMAKE_PREFIX_PATH}:/home/user/ws/install/turtlesim_controller_py:/opt/ros/humble /usr/bin/cmake --build /home/user/ws/src/chibi24_b/build/b_obstacle_detector -- -j8 -l8
[0.510s] [35m[1mConsolidate compiler generated dependencies of target b_obstacle_detector_node[0m
[0.564s] [ 66%] [32mBuilding CXX object CMakeFiles/b_obstacle_detector_node.dir/src/b_obstacle_detector_node.cpp.o[0m
[0.564s] [ 66%] [32mBuilding CXX object CMakeFiles/b_obstacle_detector_node.dir/src/b_obstacle_detector.cpp.o[0m
[13.097s] [01m[K/home/user/ws/src/chibi24_b/b_obstacle_detector/src/b_obstacle_detector.cpp:[m[K In constructor â€˜[01m[KObstacleDetector::ObstacleDetector()[m[Kâ€™:
[13.099s] [01m[K/home/user/ws/src/chibi24_b/b_obstacle_detector/src/b_obstacle_detector.cpp:11:97:[m[K [01;31m[Kerror: [m[Kâ€˜[01m[Kpi[m[Kâ€™ was not declared in this scope
[13.099s]    11 |  = this->declare_parameter<double>("ignore_angle_range_list",[rad(3.0*[01;31m[Kpi[m[K/16.0), rad(5.0*pi/16.0), rad(11.0*pi/16.0)]);
[13.099s]       |                                                                       [01;31m[K^~[m[K
[13.099s] 
[13.100s] [01m[K/home/user/ws/src/chibi24_b/b_obstacle_detector/src/b_obstacle_detector.cpp:11:122:[m[K [01;35m[Kwarning: [m[Kalready captured â€˜[01m[Krad[m[Kâ€™ in lambda expression
[13.101s]    11 | r<double>("ignore_angle_range_list",[rad(3.0*pi/16.0), rad(5.0*pi/16.0[01;35m[K)[m[K, rad(11.0*pi/16.0)]);
[13.101s]       |                                                                       [01;35m[K^[m[K
[13.101s] 
[13.101s] [01m[K/home/user/ws/src/chibi24_b/b_obstacle_detector/src/b_obstacle_detector.cpp:11:141:[m[K [01;35m[Kwarning: [m[Kalready captured â€˜[01m[Krad[m[Kâ€™ in lambda expression
[13.101s]    11 | gnore_angle_range_list",[rad(3.0*pi/16.0), rad(5.0*pi/16.0), rad(11.0*pi/16.0[01;35m[K)[m[K]);
[13.102s]       |                                                                              [01;35m[K^[m[K
[13.102s] 
[13.102s] [01m[K/home/user/ws/src/chibi24_b/b_obstacle_detector/src/b_obstacle_detector.cpp:[m[K In lambda function:
[13.102s] [01m[K/home/user/ws/src/chibi24_b/b_obstacle_detector/src/b_obstacle_detector.cpp:11:143:[m[K [01;31m[Kerror: [m[Kexpected â€˜[01m[K{[m[Kâ€™ before â€˜[01m[K)[m[Kâ€™ token
[13.102s]    11 | gnore_angle_range_list",[rad(3.0*pi/16.0), rad(5.0*pi/16.0), rad(11.0*pi/16.0)][01;31m[K)[m[K;
[13.103s]       |                                                                                [01;31m[K^[m[K
[13.103s] 
[13.103s] [01m[K/home/user/ws/src/chibi24_b/b_obstacle_detector/src/b_obstacle_detector.cpp:[m[K In constructor â€˜[01m[KObstacleDetector::ObstacleDetector()[m[Kâ€™:
[13.103s] [01m[K/home/user/ws/src/chibi24_b/b_obstacle_detector/src/b_obstacle_detector.cpp:11:61:[m[K [01;31m[Kerror: [m[Kno matching function for call to â€˜[01m[KObstacleDetector::declare_parameter<double>(const char [24], ObstacleDetector::ObstacleDetector()::<lambda()>)[m[Kâ€™
[13.103s]    11 |   ignore_angle_range_list_ = [01;31m[Kthis->declare_parameter<double>("ignore_angle_range_list",[rad(3.0*pi/16.0), rad(5.0*pi/16.0), rad(11.0*pi/16.0)])[m[K;
[13.104s]       |                              [01;31m[K~~~~~~~~~~~~~~~~~~~~~~~~~~~~~~~^~~~~~~~~~~~~~~~~~~~~~~~~~~~~~~~~~~~~~~~~~~~~~~~~~~~~~~~~~~~~~~~~~~~~~~~~~~~~~~~~~~[m[K
[13.104s] In file included from [01m[K/opt/ros/humble/include/rclcpp/rclcpp/node.hpp:1321[m[K,
[13.104s]                  from [01m[K/opt/ros/humble/include/rclcpp/rclcpp/executors/single_threaded_executor.hpp:28[m[K,
[13.104s]                  from [01m[K/opt/ros/humble/include/rclcpp/rclcpp/executors.hpp:22[m[K,
[13.104s]                  from [01m[K/opt/ros/humble/include/rclcpp/rclcpp/rclcpp.hpp:155[m[K,
[13.104s]                  from [01m[K/home/user/ws/src/chibi24_b/b_obstacle_detector/include/b_obstacle_detector/b_obstacle_detector.hpp:5[m[K,
[13.105s]                  from [01m[K/home/user/ws/src/chibi24_b/b_obstacle_detector/src/b_obstacle_detector.cpp:1[m[K:
[13.105s] [01m[K/opt/ros/humble/include/rclcpp/rclcpp/node_impl.hpp:195:1:[m[K [01;36m[Knote: [m[Kcandidate: â€˜[01m[Kauto rclcpp::Node::declare_parameter(const string&, const ParameterT&, const ParameterDescriptor&, bool) [with ParameterT = double; std::string = std::__cxx11::basic_string<char>; rcl_interfaces::msg::ParameterDescriptor = rcl_interfaces::msg::ParameterDescriptor_<std::allocator<void> >][m[Kâ€™
[13.105s]   195 | [01;36m[KNode[m[K::declare_parameter(
[13.105s]       | [01;36m[K^~~~[m[K
[13.106s] [01m[K/opt/ros/humble/include/rclcpp/rclcpp/node_impl.hpp:197:22:[m[K [01;36m[Knote: [m[K  no known conversion for argument 2 from â€˜[01m[KObstacleDetector::ObstacleDetector()::<lambda()>[m[Kâ€™ to â€˜[01m[Kconst double&[m[Kâ€™
[13.106s]   197 |   [01;36m[Kconst ParameterT & default_value[m[K,
[13.106s]       |   [01;36m[K~~~~~~~~~~~~~~~~~~~^~~~~~~~~~~~~[m[K
[13.106s] [01m[K/opt/ros/humble/include/rclcpp/rclcpp/node_impl.hpp:215:1:[m[K [01;36m[Knote: [m[Kcandidate: â€˜[01m[Kauto rclcpp::Node::declare_parameter(const string&, const ParameterDescriptor&, bool) [with ParameterT = double; std::string = std::__cxx11::basic_string<char>; rcl_interfaces::msg::ParameterDescriptor = rcl_interfaces::msg::ParameterDescriptor_<std::allocator<void> >][m[Kâ€™
[13.106s]   215 | [01;36m[KNode[m[K::declare_parameter(
[13.107s]       | [01;36m[K^~~~[m[K
[13.107s] [01m[K/opt/ros/humble/include/rclcpp/rclcpp/node_impl.hpp:217:52:[m[K [01;36m[Knote: [m[K  no known conversion for argument 2 from â€˜[01m[KObstacleDetector::ObstacleDetector()::<lambda()>[m[Kâ€™ to â€˜[01m[Kconst ParameterDescriptor&[m[Kâ€™ {aka â€˜[01m[Kconst rcl_interfaces::msg::ParameterDescriptor_<std::allocator<void> >&[m[Kâ€™}
[13.108s]   217 |   [01;36m[Kconst rcl_interfaces::msg::ParameterDescriptor & parameter_descriptor[m[K,
[13.108s]       |   [01;36m[K~~~~~~~~~~~~~~~~~~~~~~~~~~~~~~~~~~~~~~~~~~~~~~~~~^~~~~~~~~~~~~~~~~~~~[m[K
[18.457s] gmake[2]: *** [CMakeFiles/b_obstacle_detector_node.dir/build.make:76: CMakeFiles/b_obstacle_detector_node.dir/src/b_obstacle_detector.cpp.o] Error 1
[18.460s] gmake[1]: *** [CMakeFiles/Makefile2:137: CMakeFiles/b_obstacle_detector_node.dir/all] Error 2
[18.460s] gmake: *** [Makefile:146: all] Error 2
[18.524s] Invoked command in '/home/user/ws/src/chibi24_b/build/b_obstacle_detector' returned '2': CMAKE_PREFIX_PATH=${CMAKE_PREFIX_PATH}:/home/user/ws/install/turtlesim_controller_py:/opt/ros/humble /usr/bin/cmake --build /home/user/ws/src/chibi24_b/build/b_obstacle_detector -- -j8 -l8
