[0.117s] Invoking command in '/home/user/ws/src/chibi24_b/build/b_obstacle_detector': CMAKE_PREFIX_PATH=${CMAKE_PREFIX_PATH}:/home/user/ws/install/turtlesim_controller_py:/opt/ros/humble /usr/bin/cmake --build /home/user/ws/src/chibi24_b/build/b_obstacle_detector -- -j8 -l8
[0.408s] [35m[1mConsolidate compiler generated dependencies of target b_obstacle_detector_node[0m
[0.459s] [ 33%] [32mBuilding CXX object CMakeFiles/b_obstacle_detector_node.dir/src/b_obstacle_detector_node.cpp.o[0m
[0.462s] [ 66%] [32mBuilding CXX object CMakeFiles/b_obstacle_detector_node.dir/src/b_obstacle_detector.cpp.o[0m
[1.237s] In file included from [01m[K/home/user/ws/src/chibi24_b/b_obstacle_detector/src/b_obstacle_detector_node.cpp:1[m[K:
[1.238s] [01m[K/home/user/ws/src/chibi24_b/b_obstacle_detector/include/b_obstacle_detector/b_obstacle_detector.hpp:11:10:[m[K [01;31m[Kfatal error: [m[Kgeometry_msgs/Pose.h: No such file or directory
[1.238s]    11 | #include [01;31m[K<geometry_msgs/Pose.h>[m[K
[1.238s]       |          [01;31m[K^~~~~~~~~~~~~~~~~~~~~~[m[K
[1.239s] In file included from [01m[K/home/user/ws/src/chibi24_b/b_obstacle_detector/src/b_obstacle_detector.cpp:1[m[K:
[1.239s] [01m[K/home/user/ws/src/chibi24_b/b_obstacle_detector/include/b_obstacle_detector/b_obstacle_detector.hpp:11:10:[m[K [01;31m[Kfatal error: [m[Kgeometry_msgs/Pose.h: No such file or directory
[1.239s]    11 | #include [01;31m[K<geometry_msgs/Pose.h>[m[K
[1.239s]       |          [01;31m[K^~~~~~~~~~~~~~~~~~~~~~[m[K
[1.239s] compilation terminated.
[1.240s] compilation terminated.
[1.248s] gmake[2]: *** [CMakeFiles/b_obstacle_detector_node.dir/build.make:90: CMakeFiles/b_obstacle_detector_node.dir/src/b_obstacle_detector_node.cpp.o] Error 1
[1.249s] gmake[2]: *** Waiting for unfinished jobs....
[1.249s] gmake[2]: *** [CMakeFiles/b_obstacle_detector_node.dir/build.make:76: CMakeFiles/b_obstacle_detector_node.dir/src/b_obstacle_detector.cpp.o] Error 1
[1.249s] gmake[1]: *** [CMakeFiles/Makefile2:137: CMakeFiles/b_obstacle_detector_node.dir/all] Error 2
[1.250s] gmake: *** [Makefile:146: all] Error 2
[1.255s] Invoked command in '/home/user/ws/src/chibi24_b/build/b_obstacle_detector' returned '2': CMAKE_PREFIX_PATH=${CMAKE_PREFIX_PATH}:/home/user/ws/install/turtlesim_controller_py:/opt/ros/humble /usr/bin/cmake --build /home/user/ws/src/chibi24_b/build/b_obstacle_detector -- -j8 -l8
