[0.271s] Invoking command in '/home/user/ws/src/chibi24_b/build/b_obstacle_detector': CMAKE_PREFIX_PATH=${CMAKE_PREFIX_PATH}:/home/user/ws/install/turtlesim_controller_py:/opt/ros/humble /usr/bin/cmake --build /home/user/ws/src/chibi24_b/build/b_obstacle_detector -- -j8 -l8
[0.586s] [35m[1mConsolidate compiler generated dependencies of target b_obstacle_detector_node[0m
[0.688s] [ 33%] [32mBuilding CXX object CMakeFiles/b_obstacle_detector_node.dir/src/b_obstacle_detector.cpp.o[0m
[0.690s] [ 66%] [32mBuilding CXX object CMakeFiles/b_obstacle_detector_node.dir/src/b_obstacle_detector_node.cpp.o[0m
[17.278s] [01m[K/home/user/ws/src/chibi24_b/b_obstacle_detector/src/b_obstacle_detector_node.cpp:[m[K In function â€˜[01m[Kint main(int, char**)[m[Kâ€™:
[17.278s] [01m[K/home/user/ws/src/chibi24_b/b_obstacle_detector/src/b_obstacle_detector_node.cpp:10:3:[m[K [01;31m[Kerror: [m[Kâ€˜[01m[Knode_[m[Kâ€™ was not declared in this scope; did you mean â€˜[01m[Kmode_t[m[Kâ€™?
[17.279s]    10 |   [01;31m[Knode_[m[K = rclcpp::Node::make_shared("b_obstacle_detector_node");
[17.279s]       |   [01;31m[K^~~~~[m[K
[17.279s]       |   [32m[Kmode_t[m[K
[17.390s] [01m[K/home/user/ws/src/chibi24_b/b_obstacle_detector/src/b_obstacle_detector.cpp:[m[K In member function â€˜[01m[Kvoid ObstacleDetector::process()[m[Kâ€™:
[17.390s] [01m[K/home/user/ws/src/chibi24_b/b_obstacle_detector/src/b_obstacle_detector.cpp:47:27:[m[K [01;31m[Kerror: [m[Kâ€˜[01m[Knode_[m[Kâ€™ was not declared in this scope; did you mean â€˜[01m[Kmode_t[m[Kâ€™?
[17.391s]    47 |         rclcpp::spin_some([01;31m[Knode_[m[K);
[17.391s]       |                           [01;31m[K^~~~~[m[K
[17.392s]       |                           [32m[Kmode_t[m[K
[17.412s] [01m[K/home/user/ws/src/chibi24_b/b_obstacle_detector/src/b_obstacle_detector.cpp:48:9:[m[K [01;31m[Kerror: [m[Kâ€˜[01m[Kloop_rate[m[Kâ€™ was not declared in this scope
[17.413s]    48 |         [01;31m[Kloop_rate[m[K.sleep();
[17.413s]       |         [01;31m[K^~~~~~~~~[m[K
[21.106s] gmake[2]: *** [CMakeFiles/b_obstacle_detector_node.dir/build.make:90: CMakeFiles/b_obstacle_detector_node.dir/src/b_obstacle_detector_node.cpp.o] Error 1
[21.107s] gmake[2]: *** Waiting for unfinished jobs....
[26.538s] gmake[2]: *** [CMakeFiles/b_obstacle_detector_node.dir/build.make:76: CMakeFiles/b_obstacle_detector_node.dir/src/b_obstacle_detector.cpp.o] Error 1
[26.539s] gmake[1]: *** [CMakeFiles/Makefile2:137: CMakeFiles/b_obstacle_detector_node.dir/all] Error 2
[26.540s] gmake: *** [Makefile:146: all] Error 2
[26.553s] Invoked command in '/home/user/ws/src/chibi24_b/build/b_obstacle_detector' returned '2': CMAKE_PREFIX_PATH=${CMAKE_PREFIX_PATH}:/home/user/ws/install/turtlesim_controller_py:/opt/ros/humble /usr/bin/cmake --build /home/user/ws/src/chibi24_b/build/b_obstacle_detector -- -j8 -l8
