[0.115s] Invoking command in '/home/user/ws/src/chibi24_b/build/b_obstacle_detector': CMAKE_PREFIX_PATH=${CMAKE_PREFIX_PATH}:/home/user/ws/install/turtlesim_controller_py:/opt/ros/humble /usr/bin/cmake /home/user/ws/src/chibi24_b/b_obstacle_detector -DCMAKE_BUILD_TYPE=RelWithDebInfo -DAMENT_CMAKE_SYMLINK_INSTALL=1 -DCMAKE_INSTALL_PREFIX=/home/user/ws/src/chibi24_b/install/b_obstacle_detector
[0.679s] -- The C compiler identification is GNU 11.4.0
[1.086s] -- The CXX compiler identification is GNU 11.4.0
[1.128s] -- Detecting C compiler ABI info
[1.307s] -- Detecting C compiler ABI info - done
[1.320s] -- Check for working C compiler: /usr/bin/cc - skipped
[1.321s] -- Detecting C compile features
[1.322s] -- Detecting C compile features - done
[1.332s] -- Detecting CXX compiler ABI info
[1.458s] -- Detecting CXX compiler ABI info - done
[1.468s] -- Check for working CXX compiler: /usr/bin/c++ - skipped
[1.469s] -- Detecting CXX compile features
[1.470s] -- Detecting CXX compile features - done
[1.500s] -- Found ament_cmake_auto: 1.3.7 (/opt/ros/humble/share/ament_cmake_auto/cmake)
[1.915s] -- Found Python3: /usr/bin/python3.10 (found version "3.10.12") found components: Interpreter 
[2.083s] -- Override CMake install command with custom implementation using symlinks instead of copying resources
[2.493s] -- Found rosidl_generator_c: 3.1.5 (/opt/ros/humble/share/rosidl_generator_c/cmake)
[2.507s] -- Found rosidl_adapter: 3.1.5 (/opt/ros/humble/share/rosidl_adapter/cmake)
[2.537s] -- Found rosidl_generator_cpp: 3.1.5 (/opt/ros/humble/share/rosidl_generator_cpp/cmake)
[2.600s] -- Using all available rosidl_typesupport_c: rosidl_typesupport_fastrtps_c;rosidl_typesupport_introspection_c
[2.680s] -- Using all available rosidl_typesupport_cpp: rosidl_typesupport_fastrtps_cpp;rosidl_typesupport_introspection_cpp
[2.915s] -- Found rmw_implementation_cmake: 6.1.1 (/opt/ros/humble/share/rmw_implementation_cmake/cmake)
[2.937s] -- Found rmw_fastrtps_cpp: 6.2.6 (/opt/ros/humble/share/rmw_fastrtps_cpp/cmake)
[3.248s] -- Found OpenSSL: /usr/lib/x86_64-linux-gnu/libcrypto.so (found version "3.0.2")  
[3.283s] -- Found FastRTPS: /opt/ros/humble/include  
[3.347s] -- Using RMW implementation 'rmw_fastrtps_cpp' as default
[3.379s] -- Looking for pthread.h
[3.525s] -- Looking for pthread.h - found
[3.526s] -- Performing Test CMAKE_HAVE_LIBC_PTHREAD
[3.629s] -- Performing Test CMAKE_HAVE_LIBC_PTHREAD - Success
[3.630s] -- Found Threads: TRUE  
[4.134s] -- Configuring done
[4.171s] -- Generating done
[4.180s] -- Build files have been written to: /home/user/ws/src/chibi24_b/build/b_obstacle_detector
[4.209s] Invoked command in '/home/user/ws/src/chibi24_b/build/b_obstacle_detector' returned '0': CMAKE_PREFIX_PATH=${CMAKE_PREFIX_PATH}:/home/user/ws/install/turtlesim_controller_py:/opt/ros/humble /usr/bin/cmake /home/user/ws/src/chibi24_b/b_obstacle_detector -DCMAKE_BUILD_TYPE=RelWithDebInfo -DAMENT_CMAKE_SYMLINK_INSTALL=1 -DCMAKE_INSTALL_PREFIX=/home/user/ws/src/chibi24_b/install/b_obstacle_detector
[4.216s] Invoking command in '/home/user/ws/src/chibi24_b/build/b_obstacle_detector': CMAKE_PREFIX_PATH=${CMAKE_PREFIX_PATH}:/home/user/ws/install/turtlesim_controller_py:/opt/ros/humble /usr/bin/cmake --build /home/user/ws/src/chibi24_b/build/b_obstacle_detector -- -j8 -l8
[4.281s] [ 33%] [32mBuilding CXX object CMakeFiles/b_obstacle_detector_node.dir/src/b_obstacle_detector.cpp.o[0m
[4.281s] [ 66%] [32mBuilding CXX object CMakeFiles/b_obstacle_detector_node.dir/src/b_obstacle_detector_node.cpp.o[0m
[30.464s] [01m[K/home/user/ws/src/chibi24_b/b_obstacle_detector/src/b_obstacle_detector.cpp:[m[K In constructor â€˜[01m[KObstacleDetector::ObstacleDetector(const string&, const string&, const rclcpp::NodeOptions&)[m[Kâ€™:
[30.740s] [01m[K/home/user/ws/src/chibi24_b/b_obstacle_detector/src/b_obstacle_detector.cpp:7:36:[m[K [01;31m[Kerror: [m[Kunable to find numeric literal operator â€˜[01m[Koperator""s[m[Kâ€™
[30.766s]     7 |   timer_ = this->create_wall_timer([01;31m[K0.5s[m[K, std::bind(&ObstacleDetector::timer_callback, this));
[30.766s]       |                                    [01;31m[K^~~~[m[K
[37.585s] gmake[2]: *** [CMakeFiles/b_obstacle_detector_node.dir/build.make:76: CMakeFiles/b_obstacle_detector_node.dir/src/b_obstacle_detector.cpp.o] Error 1
[37.592s] gmake[1]: *** [CMakeFiles/Makefile2:137: CMakeFiles/b_obstacle_detector_node.dir/all] Error 2
[37.605s] gmake: *** [Makefile:146: all] Error 2
[37.826s] Invoked command in '/home/user/ws/src/chibi24_b/build/b_obstacle_detector' returned '2': CMAKE_PREFIX_PATH=${CMAKE_PREFIX_PATH}:/home/user/ws/install/turtlesim_controller_py:/opt/ros/humble /usr/bin/cmake --build /home/user/ws/src/chibi24_b/build/b_obstacle_detector -- -j8 -l8
