[0.319s] Invoking command in '/home/user/ws/src/chibi24_b/build/b_obstacle_detector': CMAKE_PREFIX_PATH=${CMAKE_PREFIX_PATH}:/home/user/ws/install/turtlesim_controller_py:/opt/ros/humble /usr/bin/cmake --build /home/user/ws/src/chibi24_b/build/b_obstacle_detector -- -j8 -l8
[0.659s] [35m[1mConsolidate compiler generated dependencies of target b_obstacle_detector_node[0m
[0.729s] [ 33%] [32mBuilding CXX object CMakeFiles/b_obstacle_detector_node.dir/src/b_obstacle_detector.cpp.o[0m
[0.731s] [ 66%] [32mBuilding CXX object CMakeFiles/b_obstacle_detector_node.dir/src/b_obstacle_detector_node.cpp.o[0m
[6.770s] gmake[2]: *** [CMakeFiles/b_obstacle_detector_node.dir/build.make:76: CMakeFiles/b_obstacle_detector_node.dir/src/b_obstacle_detector.cpp.o] Interrupt
[6.800s] gmake[2]: *** [CMakeFiles/b_obstacle_detector_node.dir/build.make:90: CMakeFiles/b_obstacle_detector_node.dir/src/b_obstacle_detector_node.cpp.o] Interrupt
[6.806s] gmake[1]: *** [CMakeFiles/Makefile2:137: CMakeFiles/b_obstacle_detector_node.dir/all] Interrupt
[6.814s] gmake: *** [Makefile:146: all] Interrupt
[6.884s] Invoked command in '/home/user/ws/src/chibi24_b/build/b_obstacle_detector' returned '-2': CMAKE_PREFIX_PATH=${CMAKE_PREFIX_PATH}:/home/user/ws/install/turtlesim_controller_py:/opt/ros/humble /usr/bin/cmake --build /home/user/ws/src/chibi24_b/build/b_obstacle_detector -- -j8 -l8
