[0.131s] Invoking command in '/home/user/ws/src/chibi24_b/build/b_obstacle_detector': CMAKE_PREFIX_PATH=${CMAKE_PREFIX_PATH}:/home/user/ws/install/turtlesim_controller_py:/opt/ros/humble /usr/bin/cmake --build /home/user/ws/src/chibi24_b/build/b_obstacle_detector -- -j8 -l8
[0.650s] [35m[1mConsolidate compiler generated dependencies of target b_obstacle_detector_node[0m
[0.715s] [ 66%] [32mBuilding CXX object CMakeFiles/b_obstacle_detector_node.dir/src/b_obstacle_detector.cpp.o[0m
[0.716s] [ 66%] [32mBuilding CXX object CMakeFiles/b_obstacle_detector_node.dir/src/b_obstacle_detector_node.cpp.o[0m
[9.781s] [01m[K/home/user/ws/src/chibi24_b/b_obstacle_detector/src/b_obstacle_detector_node.cpp:[m[K In function â€˜[01m[Kint main(int, char**)[m[Kâ€™:
[9.783s] [01m[K/home/user/ws/src/chibi24_b/b_obstacle_detector/src/b_obstacle_detector_node.cpp:6:26:[m[K [01;31m[Kerror: [m[Kinvalid initialization of reference of type â€˜[01m[Kconst rclcpp::InitOptions&[m[Kâ€™ from expression of type â€˜[01m[Kconst char [20][m[Kâ€™
[9.783s]     6 |   rclcpp::init(argc,argv,[01;31m[K"b_obstacle_detector"[m[K);
[9.783s]       |                          [01;31m[K^~~~~~~~~~~~~~~~~~~~~[m[K
[9.783s] In file included from [01m[K/opt/ros/humble/include/rclcpp/rclcpp/logging.hpp:25[m[K,
[9.784s]                  from [01m[K/opt/ros/humble/include/rclcpp/rclcpp/client.hpp:40[m[K,
[9.784s]                  from [01m[K/opt/ros/humble/include/rclcpp/rclcpp/callback_group.hpp:24[m[K,
[9.784s]                  from [01m[K/opt/ros/humble/include/rclcpp/rclcpp/any_executable.hpp:20[m[K,
[9.784s]                  from [01m[K/opt/ros/humble/include/rclcpp/rclcpp/memory_strategy.hpp:25[m[K,
[9.785s]                  from [01m[K/opt/ros/humble/include/rclcpp/rclcpp/memory_strategies.hpp:18[m[K,
[9.785s]                  from [01m[K/opt/ros/humble/include/rclcpp/rclcpp/executor_options.hpp:20[m[K,
[9.785s]                  from [01m[K/opt/ros/humble/include/rclcpp/rclcpp/executor.hpp:37[m[K,
[9.785s]                  from [01m[K/opt/ros/humble/include/rclcpp/rclcpp/executors/multi_threaded_executor.hpp:25[m[K,
[9.785s]                  from [01m[K/opt/ros/humble/include/rclcpp/rclcpp/executors.hpp:21[m[K,
[9.786s]                  from [01m[K/opt/ros/humble/include/rclcpp/rclcpp/rclcpp.hpp:155[m[K,
[9.786s]                  from [01m[K/home/user/ws/src/chibi24_b/b_obstacle_detector/include/b_obstacle_detector/b_obstacle_detector.hpp:5[m[K,
[9.787s]                  from [01m[K/home/user/ws/src/chibi24_b/b_obstacle_detector/src/b_obstacle_detector_node.cpp:1[m[K:
[9.787s] [01m[K/opt/ros/humble/include/rclcpp/rclcpp/utilities.hpp:78:23:[m[K [01;36m[Knote: [m[Kin passing argument 3 of â€˜[01m[Kvoid rclcpp::init(int, const char* const*, const rclcpp::InitOptions&, rclcpp::SignalHandlerOptions)[m[Kâ€™
[9.787s]    78 |   [01;36m[Kconst InitOptions & init_options = InitOptions()[m[K,
[9.788s]       |   [01;36m[K~~~~~~~~~~~~~~~~~~~~^~~~~~~~~~~~~~~~~~~~~~~~~~~~[m[K
[12.739s] gmake[2]: *** [CMakeFiles/b_obstacle_detector_node.dir/build.make:90: CMakeFiles/b_obstacle_detector_node.dir/src/b_obstacle_detector_node.cpp.o] Error 1
[12.739s] gmake[2]: *** Waiting for unfinished jobs....
[32.827s] gmake[1]: *** [CMakeFiles/Makefile2:137: CMakeFiles/b_obstacle_detector_node.dir/all] Error 2
[32.828s] gmake: *** [Makefile:146: all] Error 2
[32.853s] Invoked command in '/home/user/ws/src/chibi24_b/build/b_obstacle_detector' returned '2': CMAKE_PREFIX_PATH=${CMAKE_PREFIX_PATH}:/home/user/ws/install/turtlesim_controller_py:/opt/ros/humble /usr/bin/cmake --build /home/user/ws/src/chibi24_b/build/b_obstacle_detector -- -j8 -l8
